
---

### 一、整体性能表现：量化模型的潜力与局限
在总分维度，INT4模型以**49.258分**微弱领先（BASE:48.329, INT8:48.591, INT2:48.620），表明中等精度量化（4比特）在综合场景下可能实现最优平衡。值得注意的是：
- **低比特模型的波动性**：INT2虽总分排名末位，却在OPPO真实对话场景以**49.785分**显著反超其他模型（领先INT4达3.53分），揭示低比特量化在特定场景的潜在优势；
- **量化收益非线性**：INT8相比BASE提升0.26分，但INT4较INT8再提升0.67分，说明4比特可能是该系列模型的"甜点"精度。

---

### 二、场景化能力解析：量化对语义扰动敏感度分化
#### 1. **优势场景：低比特量化展现特殊鲁棒性**
- **逻辑反转任务**：INT2在反义词(DuQM_antonym)测试中以**50.164分**碾压式领先（较BASE提升19分），在否定句(DuQM_negation)和时间扰动(DuQM_temporal)也分别提升4.84分和4.7分，表明极低精度可能增强模型对逻辑结构变化的抵抗力；
- **实体泛化能力**：INT2在命名实体替换(DuQM_named_entity)中以**58.456分**创全场最高记录（超BASE 4.19分），证明其对实体指代一致性具有独特处理机制；
- **非对称关系理解**：INT2在不对称关系(DuQM_asymmetry)得分**50.704分**（较BASE提升7.6分），INT4在否定不对称(DuQM_neg_asymmetry)以**57.143分**领先10.2分，显示量化可能优化复杂关系推理。

#### 2. **劣势场景：精度损失暴露模型脆弱性**
- **语法结构敏感度**：INT2在语态变换(DuQM_voice)得分**46.565分**（低于INT4近7分），在拼写错误(DuQM_misspelling)暴跌至**39.957分**（较BASE损失8.33分），暴露低比特模型对表层语言特征适应性差；
- **连接词理解障碍**：INT2在复杂话语粒子(DuQM_discourse_particle(complex))测试仅得**41.221分**（较最佳INT8低13分），显示其对逻辑连接词的解析能力严重退化；
- **语义一致性挑战**：INT4虽在近义词(DuQM_synonym)以**53.981分**领先，但在命名实体测试却跌至**51.25分**（低于BASE 3分），表明其语义保持能力存在不稳定波动。

---

### 三、技术启示与落地建议
#### 1. **量化策略需场景定制化**
- 对话系统(如OPPO场景)优先考虑INT2（真实对话得分**49.785**），其压缩特性可能更适配口语化短文本；
- 搜索问答场景推荐INT4（总分**49.258**），尤其在近义词、语态变换等任务保持稳健性；
- 高精度要求场景（如拼写纠错、学术文本）仍需保留BASE模型。

#### 2. 关键发现对模型优化的启示
- **比特深度与语义层级的关联**：低比特(INT2)在深层逻辑任务（反义/否定）表现突出，而在表层语言任务（拼写/连接词）严重滑坡，建议研发分层量化策略——对逻辑层采用激进量化，对词法层保留较高精度；
- **量化噪声的双面性**：INT2在时间扰动测试的异常提升（**53.419分** vs BASE 48.718）暗示适度噪声可能增强时序泛化能力，可通过可控噪声注入提升鲁棒性；
- **领域数据差异性**：OPPO对话数据与DuQM人工扰动数据呈现相反趋势（INT2在OPPO领先3.5分，在DuQM总分落后0.6分），强调部署前必须进行领域适配验证。

#### 3. 工程落地风险预警
- 警惕**量化放大系统性偏差**：INT2在反义词测试的陡升（+19分）与近义词测试的崩塌（43.312分 vs INT4 53.981分）形成危险反差，需严格测试语义一致性；
- 规避**场景错配风险**：在客服系统等需处理拼写错误的场景禁用INT2（拼写测试仅39.957分），而在智能合约审查等逻辑敏感场景可尝试部署。

---

### 四、前瞻方向
1. **动态比特分配**：根据输入文本特征（如检测到反义词对时自动切换低比特模式）实现精度自适应；
2. **扰动感知训练**：在量化训练阶段针对性加入反义词替换、时间扰动等对抗样本；
3. **混合精度架构**：核心逻辑模块采用INT2，语言表层处理模块保留INT8以上精度。

> 总结：量化不是简单的精度折衷，而是重塑模型能力分布的过程。本次测试表明，**INT4可实现最佳综合平衡，而INT2在特定逻辑推理场景展现颠覆性优势**。技术团队需建立"场景-量化精度-能力图谱"的对应关系，在7%的精度波动区间内进行精细化策略设计，方能在压缩与性能的博弈中实现最优解。未来突破点在于解构神经网络各层对量化的敏感度，实现神经元级的动态精度调控。